0 info it worked if it ends with ok
1 verbose cli [ '/usr/local/bin/node', '/usr/local/bin/npm', 'run', 'server' ]
2 info using npm@3.3.12
3 info using node@v5.4.0
4 verbose run-script [ 'preserver', 'server', 'postserver' ]
5 info lifecycle Star-Wars-Universe@0.1.0~preserver: Star-Wars-Universe@0.1.0
6 silly lifecycle Star-Wars-Universe@0.1.0~preserver: no script for preserver, continuing
7 info lifecycle Star-Wars-Universe@0.1.0~server: Star-Wars-Universe@0.1.0
8 verbose lifecycle Star-Wars-Universe@0.1.0~server: unsafe-perm in lifecycle true
9 verbose lifecycle Star-Wars-Universe@0.1.0~server: PATH: /usr/local/lib/node_modules/npm/bin/node-gyp-bin:/Users/jr1500/SWProjects/SWSPA/node_modules/.bin:/Users/jr1500/Library/Android/sdk/tools:/Users/jr1500/Library/Android/sdk/platform-tools:/usr/local/heroku/bin:/usr/local/bin:/usr/bin:/bin:/usr/sbin:/sbin:/Users/jr1500/Library/Android/sdk/tools:/Users/jr1500/Library/Android/sdk/platform-tools:/usr/local/heroku/bin
10 verbose lifecycle Star-Wars-Universe@0.1.0~server: CWD: /Users/jr1500/SWProjects/SWSPA
11 silly lifecycle Star-Wars-Universe@0.1.0~server: Args: [ '-c', 'babel-node src/server' ]
12 silly lifecycle Star-Wars-Universe@0.1.0~server: Returned: code: 1  signal: null
13 info lifecycle Star-Wars-Universe@0.1.0~server: Failed to exec server script
14 verbose stack Error: Star-Wars-Universe@0.1.0 server: `babel-node src/server`
14 verbose stack Exit status 1
14 verbose stack     at EventEmitter.<anonymous> (/usr/local/lib/node_modules/npm/lib/utils/lifecycle.js:232:16)
14 verbose stack     at emitTwo (events.js:87:13)
14 verbose stack     at EventEmitter.emit (events.js:172:7)
14 verbose stack     at ChildProcess.<anonymous> (/usr/local/lib/node_modules/npm/lib/utils/spawn.js:24:14)
14 verbose stack     at emitTwo (events.js:87:13)
14 verbose stack     at ChildProcess.emit (events.js:172:7)
14 verbose stack     at maybeClose (internal/child_process.js:821:16)
14 verbose stack     at Process.ChildProcess._handle.onexit (internal/child_process.js:211:5)
15 verbose pkgid Star-Wars-Universe@0.1.0
16 verbose cwd /Users/jr1500/SWProjects/SWSPA
17 error Darwin 15.6.0
18 error argv "/usr/local/bin/node" "/usr/local/bin/npm" "run" "server"
19 error node v5.4.0
20 error npm  v3.3.12
21 error code ELIFECYCLE
22 error Star-Wars-Universe@0.1.0 server: `babel-node src/server`
22 error Exit status 1
23 error Failed at the Star-Wars-Universe@0.1.0 server script 'babel-node src/server'.
23 error Make sure you have the latest version of node.js and npm installed.
23 error If you do, this is most likely a problem with the Star-Wars-Universe package,
23 error not with npm itself.
23 error Tell the author that this fails on your system:
23 error     babel-node src/server
23 error You can get their info via:
23 error     npm owner ls Star-Wars-Universe
23 error There is likely additional logging output above.
24 verbose exit [ 1, true ]
